# JRE version: OpenJDK Runtime Environment Temurin-21.0.7+6 (21.0.7+6) (build 21.0.7+6-LTS)
# Java VM: OpenJDK 64-Bit Server VM Temurin-21.0.7+6 (21.0.7+6-LTS, mixed mode, emulated-client, sharing, tiered, compressed oops, compressed class ptrs, g1 gc, windows-amd64)
GC Precious Log:
 CardTable entry size: 512
 Card Set container configuration: InlinePtr #cards 4 size 8 Array Of Cards #cards 16 size 48 Howl #buckets 8 coarsen threshold 3686 Howl Bitmap #cards 512 size 80 coarsen threshold 460 Card regions per heap region 1 cards per card region 4096
 CPUs: 12 total, 12 available
 Memory: 16057M
 Large Page Support: Disabled
 NUMA Support: Disabled
 Compressed Oops: Enabled (Zero based)
 Heap Region Size: 2M
 Heap Min Capacity: 8M
 Heap Initial Capacity: 252M
 Heap Max Capacity: 4016M
 Pre-touch: Disabled
 Parallel Workers: 10
 Concurrent Workers: 3
 Concurrent Refinement Workers: 10
 Periodic GC: Disabled
Heap:
 garbage-first heap   total 131072K, used 110611K [0x0000000705000000, 0x0000000800000000)
  region size 2048K, 38 young (77824K), 4 survivors (8192K)
 Metaspace       used 92115K, committed 92800K, reserved 1179648K
  class space    used 12882K, committed 13184K, reserved 1048576K
GC Heap History (20 events):
Event: 615.175 GC heap after
{Heap after GC invocations=32 (full 2):
 garbage-first heap   total 131072K, used 41453K [0x0000000705000000, 0x0000000800000000)
  region size 2048K, 4 young (8192K), 4 survivors (8192K)
 Metaspace       used 89297K, committed 90048K, reserved 1179648K
  class space    used 12589K, committed 12928K, reserved 1048576K
}
Event: 631.220 GC heap before
{Heap before GC invocations=32 (full 2):
 garbage-first heap   total 131072K, used 88557K [0x0000000705000000, 0x0000000800000000)
  region size 2048K, 28 young (57344K), 4 survivors (8192K)
 Metaspace       used 89511K, committed 90240K, reserved 1179648K
  class space    used 12604K, committed 12928K, reserved 1048576K
}
Event: 631.262 GC heap after
{Heap after GC invocations=33 (full 3):
 garbage-first heap   total 131072K, used 34752K [0x0000000705000000, 0x0000000800000000)
  region size 2048K, 0 young (0K), 0 survivors (0K)
 Metaspace       used 89504K, committed 90240K, reserved 1179648K
  class space    used 12603K, committed 12928K, reserved 1048576K
}
Event: 631.695 GC heap before
{Heap before GC invocations=33 (full 3):
 garbage-first heap   total 131072K, used 110528K [0x0000000705000000, 0x0000000800000000)
  region size 2048K, 38 young (77824K), 0 survivors (0K)
 Metaspace       used 89859K, committed 90624K, reserved 1179648K
  class space    used 12651K, committed 12992K, reserved 1048576K
}
Event: 631.698 GC heap after
{Heap after GC invocations=34 (full 3):
 garbage-first heap   total 131072K, used 40489K [0x0000000705000000, 0x0000000800000000)
  region size 2048K, 3 young (6144K), 3 survivors (6144K)
 Metaspace       used 89859K, committed 90624K, reserved 1179648K
  class space    used 12651K, committed 12992K, reserved 1048576K
}
Event: 631.953 GC heap before
{Heap before GC invocations=34 (full 3):
 garbage-first heap   total 131072K, used 112169K [0x0000000705000000, 0x0000000800000000)
  region size 2048K, 38 young (77824K), 3 survivors (6144K)
 Metaspace       used 90285K, committed 91008K, reserved 1179648K
  class space    used 12683K, committed 12992K, reserved 1048576K
}
Event: 631.957 GC heap after
{Heap after GC invocations=35 (full 3):
 garbage-first heap   total 131072K, used 42074K [0x0000000705000000, 0x0000000800000000)
  region size 2048K, 4 young (8192K), 4 survivors (8192K)
 Metaspace       used 90285K, committed 91008K, reserved 1179648K
  class space    used 12683K, committed 12992K, reserved 1048576K
}
Event: 678.936 GC heap before
{Heap before GC invocations=35 (full 3):
 garbage-first heap   total 131072K, used 107610K [0x0000000705000000, 0x0000000800000000)
  region size 2048K, 37 young (75776K), 4 survivors (8192K)
 Metaspace       used 90694K, committed 91520K, reserved 1179648K
  class space    used 12754K, committed 13120K, reserved 1048576K
}
Event: 678.942 GC heap after
{Heap after GC invocations=36 (full 3):
 garbage-first heap   total 131072K, used 42374K [0x0000000705000000, 0x0000000800000000)
  region size 2048K, 2 young (4096K), 2 survivors (4096K)
 Metaspace       used 90694K, committed 91520K, reserved 1179648K
  class space    used 12754K, committed 13120K, reserved 1048576K
}
Event: 679.314 GC heap before
{Heap before GC invocations=36 (full 3):
 garbage-first heap   total 131072K, used 112006K [0x0000000705000000, 0x0000000800000000)
  region size 2048K, 37 young (75776K), 2 survivors (4096K)
 Metaspace       used 91058K, committed 91776K, reserved 1179648K
  class space    used 12799K, committed 13120K, reserved 1048576K
}
Event: 679.317 GC heap after
{Heap after GC invocations=37 (full 3):
 garbage-first heap   total 131072K, used 45634K [0x0000000705000000, 0x0000000800000000)
  region size 2048K, 4 young (8192K), 4 survivors (8192K)
 Metaspace       used 91058K, committed 91776K, reserved 1179648K
  class space    used 12799K, committed 13120K, reserved 1048576K
}
Event: 679.444 GC heap before
{Heap before GC invocations=37 (full 3):
 garbage-first heap   total 131072K, used 88642K [0x0000000705000000, 0x0000000800000000)
  region size 2048K, 27 young (55296K), 4 survivors (8192K)
 Metaspace       used 91377K, committed 92160K, reserved 1179648K
  class space    used 12820K, committed 13184K, reserved 1048576K
}
Event: 679.447 GC heap after
{Heap after GC invocations=38 (full 3):
 garbage-first heap   total 131072K, used 46825K [0x0000000705000000, 0x0000000800000000)
  region size 2048K, 3 young (6144K), 3 survivors (6144K)
 Metaspace       used 91377K, committed 92160K, reserved 1179648K
  class space    used 12820K, committed 13184K, reserved 1048576K
}
Event: 685.478 GC heap before
{Heap before GC invocations=39 (full 3):
 garbage-first heap   total 131072K, used 110313K [0x0000000705000000, 0x0000000800000000)
  region size 2048K, 34 young (69632K), 3 survivors (6144K)
 Metaspace       used 91453K, committed 92288K, reserved 1179648K
  class space    used 12801K, committed 13184K, reserved 1048576K
}
Event: 685.483 GC heap after
{Heap after GC invocations=40 (full 3):
 garbage-first heap   total 131072K, used 47863K [0x0000000705000000, 0x0000000800000000)
  region size 2048K, 4 young (8192K), 4 survivors (8192K)
 Metaspace       used 91453K, committed 92288K, reserved 1179648K
  class space    used 12801K, committed 13184K, reserved 1048576K
}
Event: 725.464 GC heap before
{Heap before GC invocations=40 (full 3):
 garbage-first heap   total 131072K, used 58103K [0x0000000705000000, 0x0000000800000000)
  region size 2048K, 10 young (20480K), 4 survivors (8192K)
 Metaspace       used 91460K, committed 92288K, reserved 1179648K
  class space    used 12802K, committed 13184K, reserved 1048576K
}
Event: 725.503 GC heap after
{Heap after GC invocations=41 (full 4):
 garbage-first heap   total 131072K, used 35420K [0x0000000705000000, 0x0000000800000000)
  region size 2048K, 0 young (0K), 0 survivors (0K)
 Metaspace       used 91448K, committed 92288K, reserved 1179648K
  class space    used 12800K, committed 13184K, reserved 1048576K
}
Event: 725.934 GC heap before
{Heap before GC invocations=41 (full 4):
 garbage-first heap   total 131072K, used 111196K [0x0000000705000000, 0x0000000800000000)
  region size 2048K, 38 young (77824K), 0 survivors (0K)
 Metaspace       used 91823K, committed 92544K, reserved 1179648K
  class space    used 12857K, committed 13184K, reserved 1048576K
}
Event: 725.938 GC heap after
{Heap after GC invocations=42 (full 4):
 garbage-first heap   total 131072K, used 40979K [0x0000000705000000, 0x0000000800000000)
  region size 2048K, 3 young (6144K), 3 survivors (6144K)
 Metaspace       used 91823K, committed 92544K, reserved 1179648K
  class space    used 12857K, committed 13184K, reserved 1048576K
}
Event: 927.829 GC heap before
{Heap before GC invocations=42 (full 4):
 garbage-first heap   total 131072K, used 110611K [0x0000000705000000, 0x0000000800000000)
  region size 2048K, 37 young (75776K), 3 survivors (6144K)
 Metaspace       used 92115K, committed 92800K, reserved 1179648K
  class space    used 12882K, committed 13184K, reserved 1048576K
}

