# JRE version: OpenJDK Runtime Environment Temurin-21.0.5+11 (21.0.5+11) (build 21.0.5+11-LTS)
# Java VM: OpenJDK 64-Bit Server VM Temurin-21.0.5+11 (21.0.5+11-LTS, mixed mode, emulated-client, sharing, tiered, compressed oops, compressed class ptrs, g1 gc, windows-amd64)
GC Precious Log:
 CardTable entry size: 512
 Card Set container configuration: InlinePtr #cards 4 size 8 Array Of Cards #cards 16 size 48 Howl #buckets 8 coarsen threshold 3686 Howl Bitmap #cards 512 size 80 coarsen threshold 460 Card regions per heap region 1 cards per card region 4096
 CPUs: 16 total, 16 available
 Memory: 16220M
 Large Page Support: Disabled
 NUMA Support: Disabled
 Compressed Oops: Enabled (Zero based)
 Heap Region Size: 2M
 Heap Min Capacity: 8M
 Heap Initial Capacity: 254M
 Heap Max Capacity: 4056M
 Pre-touch: Disabled
 Parallel Workers: 13
 Concurrent Workers: 3
 Concurrent Refinement Workers: 13
 Periodic GC: Disabled
Heap:
 garbage-first heap   total 108544K, used 87101K [0x00000004d7000000, 0x00000005d4800000)
  region size 2048K, 25 young (51200K), 2 survivors (4096K)
 Metaspace       used 81430K, committed 82176K, reserved 1179648K
  class space    used 11559K, committed 11904K, reserved 1048576K
GC Heap History (20 events):
Event: 222.913 GC heap after
{Heap after GC invocations=34 (full 1):
 garbage-first heap   total 108544K, used 41540K [0x00000004d7000000, 0x00000005d4800000)
  region size 2048K, 3 young (6144K), 3 survivors (6144K)
 Metaspace       used 80143K, committed 80960K, reserved 1179648K
  class space    used 11450K, committed 11840K, reserved 1048576K
}
Event: 224.164 GC heap before
{Heap before GC invocations=34 (full 1):
 garbage-first heap   total 108544K, used 86596K [0x00000004d7000000, 0x00000005d4800000)
  region size 2048K, 26 young (53248K), 3 survivors (6144K)
 Metaspace       used 80239K, committed 81024K, reserved 1179648K
  class space    used 11464K, committed 11840K, reserved 1048576K
}
Event: 224.170 GC heap after
{Heap after GC invocations=35 (full 1):
 garbage-first heap   total 108544K, used 43896K [0x00000004d7000000, 0x00000005d4800000)
  region size 2048K, 3 young (6144K), 3 survivors (6144K)
 Metaspace       used 80239K, committed 81024K, reserved 1179648K
  class space    used 11464K, committed 11840K, reserved 1048576K
}
Event: 246.362 GC heap before
{Heap before GC invocations=35 (full 1):
 garbage-first heap   total 108544K, used 91000K [0x00000004d7000000, 0x00000005d4800000)
  region size 2048K, 26 young (53248K), 3 survivors (6144K)
 Metaspace       used 80527K, committed 81344K, reserved 1179648K
  class space    used 11489K, committed 11840K, reserved 1048576K
}
Event: 246.368 GC heap after
{Heap after GC invocations=36 (full 1):
 garbage-first heap   total 108544K, used 45322K [0x00000004d7000000, 0x00000005d4800000)
  region size 2048K, 3 young (6144K), 3 survivors (6144K)
 Metaspace       used 80527K, committed 81344K, reserved 1179648K
  class space    used 11489K, committed 11840K, reserved 1048576K
}
Event: 247.328 GC heap before
{Heap before GC invocations=36 (full 1):
 garbage-first heap   total 108544K, used 88330K [0x00000004d7000000, 0x00000005d4800000)
  region size 2048K, 25 young (51200K), 3 survivors (6144K)
 Metaspace       used 80593K, committed 81408K, reserved 1179648K
  class space    used 11497K, committed 11904K, reserved 1048576K
}
Event: 247.333 GC heap after
{Heap after GC invocations=37 (full 1):
 garbage-first heap   total 108544K, used 47667K [0x00000004d7000000, 0x00000005d4800000)
  region size 2048K, 3 young (6144K), 3 survivors (6144K)
 Metaspace       used 80593K, committed 81408K, reserved 1179648K
  class space    used 11497K, committed 11904K, reserved 1048576K
}
Event: 248.277 GC heap before
{Heap before GC invocations=38 (full 1):
 garbage-first heap   total 108544K, used 90675K [0x00000004d7000000, 0x00000005d4800000)
  region size 2048K, 24 young (49152K), 3 survivors (6144K)
 Metaspace       used 80864K, committed 81664K, reserved 1179648K
  class space    used 11516K, committed 11904K, reserved 1048576K
}
Event: 248.284 GC heap after
{Heap after GC invocations=39 (full 1):
 garbage-first heap   total 108544K, used 50608K [0x00000004d7000000, 0x00000005d4800000)
  region size 2048K, 3 young (6144K), 3 survivors (6144K)
 Metaspace       used 80864K, committed 81664K, reserved 1179648K
  class space    used 11516K, committed 11904K, reserved 1048576K
}
Event: 323.450 GC heap before
{Heap before GC invocations=39 (full 1):
 garbage-first heap   total 108544K, used 91568K [0x00000004d7000000, 0x00000005d4800000)
  region size 2048K, 23 young (47104K), 3 survivors (6144K)
 Metaspace       used 80882K, committed 81728K, reserved 1179648K
  class space    used 11520K, committed 11904K, reserved 1048576K
}
Event: 323.455 GC heap after
{Heap after GC invocations=40 (full 1):
 garbage-first heap   total 108544K, used 51047K [0x00000004d7000000, 0x00000005d4800000)
  region size 2048K, 3 young (6144K), 3 survivors (6144K)
 Metaspace       used 80882K, committed 81728K, reserved 1179648K
  class space    used 11520K, committed 11904K, reserved 1048576K
}
Event: 353.293 GC heap before
{Heap before GC invocations=40 (full 1):
 garbage-first heap   total 108544K, used 61287K [0x00000004d7000000, 0x00000005d4800000)
  region size 2048K, 9 young (18432K), 3 survivors (6144K)
 Metaspace       used 80888K, committed 81728K, reserved 1179648K
  class space    used 11521K, committed 11904K, reserved 1048576K
}
Event: 353.381 GC heap after
{Heap after GC invocations=41 (full 2):
 garbage-first heap   total 108544K, used 28337K [0x00000004d7000000, 0x00000005d4800000)
  region size 2048K, 0 young (0K), 0 survivors (0K)
 Metaspace       used 80543K, committed 81728K, reserved 1179648K
  class space    used 11439K, committed 11904K, reserved 1048576K
}
Event: 357.783 GC heap before
{Heap before GC invocations=41 (full 2):
 garbage-first heap   total 108544K, used 91825K [0x00000004d7000000, 0x00000005d4800000)
  region size 2048K, 31 young (63488K), 0 survivors (0K)
 Metaspace       used 80786K, committed 81728K, reserved 1179648K
  class space    used 11492K, committed 11904K, reserved 1048576K
}
Event: 357.788 GC heap after
{Heap after GC invocations=42 (full 2):
 garbage-first heap   total 108544K, used 34077K [0x00000004d7000000, 0x00000005d4800000)
  region size 2048K, 3 young (6144K), 3 survivors (6144K)
 Metaspace       used 80786K, committed 81728K, reserved 1179648K
  class space    used 11492K, committed 11904K, reserved 1048576K
}
Event: 380.053 GC heap before
{Heap before GC invocations=43 (full 2):
 garbage-first heap   total 108544K, used 89373K [0x00000004d7000000, 0x00000005d4800000)
  region size 2048K, 30 young (61440K), 3 survivors (6144K)
 Metaspace       used 81150K, committed 81920K, reserved 1179648K
  class space    used 11534K, committed 11904K, reserved 1048576K
}
Event: 380.059 GC heap after
{Heap after GC invocations=44 (full 2):
 garbage-first heap   total 108544K, used 37260K [0x00000004d7000000, 0x00000005d4800000)
  region size 2048K, 3 young (6144K), 3 survivors (6144K)
 Metaspace       used 81150K, committed 81920K, reserved 1179648K
  class space    used 11534K, committed 11904K, reserved 1048576K
}
Event: 381.293 GC heap before
{Heap before GC invocations=44 (full 2):
 garbage-first heap   total 108544K, used 84364K [0x00000004d7000000, 0x00000005d4800000)
  region size 2048K, 27 young (55296K), 3 survivors (6144K)
 Metaspace       used 81237K, committed 82048K, reserved 1179648K
  class space    used 11546K, committed 11904K, reserved 1048576K
}
Event: 381.299 GC heap after
{Heap after GC invocations=45 (full 2):
 garbage-first heap   total 108544K, used 39997K [0x00000004d7000000, 0x00000005d4800000)
  region size 2048K, 4 young (8192K), 4 survivors (8192K)
 Metaspace       used 81237K, committed 82048K, reserved 1179648K
  class space    used 11546K, committed 11904K, reserved 1048576K
}
Event: 488.759 GC heap before
{Heap before GC invocations=45 (full 2):
 garbage-first heap   total 108544K, used 87101K [0x00000004d7000000, 0x00000005d4800000)
  region size 2048K, 27 young (55296K), 4 survivors (8192K)
 Metaspace       used 81430K, committed 82176K, reserved 1179648K
  class space    used 11559K, committed 11904K, reserved 1048576K
}

